TN:
SF:knexfile.js
FNF:0
FNH:0
DA:1,1
DA:2,1
DA:4,1
LF:3
LH:3
BRF:0
BRH:0
end_of_record
TN:
SF:config\db.js
FNF:0
FNH:0
DA:1,1
DA:2,1
DA:3,1
LF:3
LH:3
BRF:0
BRH:0
end_of_record
TN:
SF:model\baseModel.js
FN:1,(anonymous_0)
FN:2,(anonymous_1)
FN:6,(anonymous_2)
FN:10,(anonymous_3)
FN:17,(anonymous_4)
FN:18,(anonymous_5)
FN:23,(anonymous_6)
FN:24,(anonymous_7)
FN:31,(anonymous_8)
FN:32,(anonymous_9)
FN:35,(anonymous_10)
FN:36,(anonymous_11)
FN:43,(anonymous_12)
FN:44,(anonymous_13)
FN:49,(anonymous_14)
FN:53,(anonymous_15)
FN:60,(anonymous_16)
FN:61,(anonymous_17)
FN:65,(anonymous_18)
FN:66,(anonymous_19)
FNF:20
FNH:10
FNDA:3,(anonymous_0)
FNDA:3,(anonymous_1)
FNDA:2,(anonymous_2)
FNDA:1,(anonymous_3)
FNDA:0,(anonymous_4)
FNDA:0,(anonymous_5)
FNDA:0,(anonymous_6)
FNDA:0,(anonymous_7)
FNDA:0,(anonymous_8)
FNDA:0,(anonymous_9)
FNDA:0,(anonymous_10)
FNDA:0,(anonymous_11)
FNDA:4,(anonymous_12)
FNDA:4,(anonymous_13)
FNDA:4,(anonymous_14)
FNDA:0,(anonymous_15)
FNDA:2,(anonymous_16)
FNDA:2,(anonymous_17)
FNDA:2,(anonymous_18)
FNDA:0,(anonymous_19)
DA:1,1
DA:2,3
DA:3,3
DA:7,2
DA:12,1
DA:17,1
DA:18,0
DA:19,0
DA:23,0
DA:25,0
DA:26,0
DA:31,1
DA:32,0
DA:33,0
DA:35,0
DA:37,0
DA:38,0
DA:43,1
DA:44,4
DA:45,4
DA:50,4
DA:54,0
DA:55,0
DA:60,1
DA:61,2
DA:62,2
DA:65,2
DA:67,0
DA:68,0
DA:73,1
LF:30
LH:16
BRF:0
BRH:0
end_of_record
TN:
SF:model\carteiraModel.js
FN:5,(anonymous_0)
FN:7,(anonymous_1)
FN:9,(anonymous_2)
FN:11,(anonymous_3)
FN:13,(anonymous_4)
FN:14,(anonymous_5)
FN:16,(anonymous_6)
FN:16,(anonymous_7)
FN:17,(anonymous_8)
FN:17,(anonymous_9)
FN:26,(anonymous_10)
FN:27,(anonymous_11)
FN:34,(anonymous_12)
FN:35,(anonymous_13)
FN:42,(anonymous_14)
FN:43,(anonymous_15)
FNF:16
FNH:13
FNDA:4,(anonymous_0)
FNDA:0,(anonymous_1)
FNDA:2,(anonymous_2)
FNDA:2,(anonymous_3)
FNDA:2,(anonymous_4)
FNDA:2,(anonymous_5)
FNDA:16,(anonymous_6)
FNDA:8,(anonymous_7)
FNDA:16,(anonymous_8)
FNDA:8,(anonymous_9)
FNDA:2,(anonymous_10)
FNDA:0,(anonymous_11)
FNDA:2,(anonymous_12)
FNDA:2,(anonymous_13)
FNDA:2,(anonymous_14)
FNDA:0,(anonymous_15)
DA:1,1
DA:2,1
DA:3,1
DA:5,4
DA:7,1
DA:9,2
DA:11,2
DA:13,1
DA:14,2
DA:15,2
DA:16,16
DA:17,16
DA:19,2
DA:24,2
DA:26,2
DA:28,0
DA:29,0
DA:34,1
DA:35,2
DA:36,2
DA:40,2
DA:42,2
DA:44,0
DA:45,0
DA:50,1
LF:25
LH:21
BRF:0
BRH:0
end_of_record
TN:
SF:model\enunsModel.js
FN:1,tipoLancamentoFactory
FN:9,(anonymous_1)
FN:20,(anonymous_2)
FNF:3
FNH:2
FNDA:16,tipoLancamentoFactory
FNDA:2,(anonymous_1)
FNDA:0,(anonymous_2)
DA:2,16
DA:9,2
DA:20,1
DA:21,0
DA:22,0
DA:24,0
DA:25,0
DA:27,0
DA:28,0
DA:30,0
DA:31,0
DA:35,1
LF:12
LH:4
BRDA:21,0,0,0
BRDA:21,0,1,0
BRDA:24,1,0,0
BRDA:24,1,1,0
BRDA:27,2,0,0
BRDA:27,2,1,0
BRDA:30,3,0,0
BRDA:30,3,1,0
BRF:8
BRH:0
end_of_record
TN:
SF:model\movimentacaoModel.js
FN:4,(anonymous_0)
FN:6,(anonymous_1)
FN:8,(anonymous_2)
FN:10,(anonymous_3)
FN:13,(anonymous_4)
FN:14,(anonymous_5)
FN:17,(anonymous_6)
FN:18,(anonymous_7)
FNF:8
FNH:7
FNDA:7,(anonymous_0)
FNDA:2,(anonymous_1)
FNDA:1,(anonymous_2)
FNDA:2,(anonymous_3)
FNDA:2,(anonymous_4)
FNDA:2,(anonymous_5)
FNDA:2,(anonymous_6)
FNDA:0,(anonymous_7)
DA:1,1
DA:2,1
DA:4,7
DA:6,2
DA:8,1
DA:10,2
DA:13,1
DA:14,2
DA:15,2
DA:17,2
DA:18,0
DA:22,1
LF:12
LH:11
BRF:0
BRH:0
end_of_record
